<?xml version="1.0" encoding="UTF-8"?>
<testsuite xmlns:xsi="http://www.w3.org/2001/XMLSchema-instance" xsi:noNamespaceSchemaLocation="https://maven.apache.org/surefire/maven-surefire-plugin/xsd/surefire-test-report-3.0.xsd" version="3.0" name="com.SPA.SPA_Project.AppTest" time="0.046" tests="1" errors="0" skipped="0" failures="0">
  <properties>
    <property name="java.specification.version" value="17"/>
    <property name="sun.cpu.isalist" value="amd64"/>
    <property name="sun.jnu.encoding" value="Cp1252"/>
    <property name="java.class.path" value="C:\Users\Sahabthyan Thangaraj\eclipse-workspace\SPA_Project\target\test-classes;C:\Users\Sahabthyan Thangaraj\eclipse-workspace\SPA_Project\target\classes;C:\Users\Sahabthyan Thangaraj\.m2\repository\junit\junit\3.8.1\junit-3.8.1.jar;C:\Users\Sahabthyan Thangaraj\.m2\repository\com\mysql\mysql-connector-j\8.0.33\mysql-connector-j-8.0.33.jar;C:\Users\Sahabthyan Thangaraj\.m2\repository\org\apache\tika\tika-parsers-standard-package\3.0.0\tika-parsers-standard-package-3.0.0.jar;C:\Users\Sahabthyan Thangaraj\.m2\repository\org\apache\tika\tika-parser-apple-module\3.0.0\tika-parser-apple-module-3.0.0.jar;C:\Users\Sahabthyan Thangaraj\.m2\repository\org\apache\tika\tika-parser-zip-commons\3.0.0\tika-parser-zip-commons-3.0.0.jar;C:\Users\Sahabthyan Thangaraj\.m2\repository\com\googlecode\plist\dd-plist\1.28\dd-plist-1.28.jar;C:\Users\Sahabthyan Thangaraj\.m2\repository\org\apache\tika\tika-parser-audiovideo-module\3.0.0\tika-parser-audiovideo-module-3.0.0.jar;C:\Users\Sahabthyan Thangaraj\.m2\repository\com\drewnoakes\metadata-extractor\2.19.0\metadata-extractor-2.19.0.jar;C:\Users\Sahabthyan Thangaraj\.m2\repository\com\adobe\xmp\xmpcore\6.1.11\xmpcore-6.1.11.jar;C:\Users\Sahabthyan Thangaraj\.m2\repository\org\apache\tika\tika-parser-cad-module\3.0.0\tika-parser-cad-module-3.0.0.jar;C:\Users\Sahabthyan Thangaraj\.m2\repository\com\fasterxml\jackson\core\jackson-core\2.15.2\jackson-core-2.15.2.jar;C:\Users\Sahabthyan Thangaraj\.m2\repository\com\fasterxml\jackson\core\jackson-databind\2.15.2\jackson-databind-2.15.2.jar;C:\Users\Sahabthyan Thangaraj\.m2\repository\com\fasterxml\jackson\core\jackson-annotations\2.15.2\jackson-annotations-2.15.2.jar;C:\Users\Sahabthyan Thangaraj\.m2\repository\org\apache\tika\tika-parser-code-module\3.0.0\tika-parser-code-module-3.0.0.jar;C:\Users\Sahabthyan Thangaraj\.m2\repository\org\codelibs\jhighlight\1.1.0\jhighlight-1.1.0.jar;C:\Users\Sahabthyan Thangaraj\.m2\repository\org\ccil\cowan\tagsoup\tagsoup\1.2.1\tagsoup-1.2.1.jar;C:\Users\Sahabthyan Thangaraj\.m2\repository\org\ow2\asm\asm\9.7.1\asm-9.7.1.jar;C:\Users\Sahabthyan Thangaraj\.m2\repository\com\epam\parso\2.0.14\parso-2.0.14.jar;C:\Users\Sahabthyan Thangaraj\.m2\repository\org\tallison\jmatio\1.5\jmatio-1.5.jar;C:\Users\Sahabthyan Thangaraj\.m2\repository\org\apache\tika\tika-parser-crypto-module\3.0.0\tika-parser-crypto-module-3.0.0.jar;C:\Users\Sahabthyan Thangaraj\.m2\repository\org\bouncycastle\bcjmail-jdk18on\1.78.1\bcjmail-jdk18on-1.78.1.jar;C:\Users\Sahabthyan Thangaraj\.m2\repository\org\bouncycastle\bcutil-jdk18on\1.78.1\bcutil-jdk18on-1.78.1.jar;C:\Users\Sahabthyan Thangaraj\.m2\repository\org\bouncycastle\bcpkix-jdk18on\1.78.1\bcpkix-jdk18on-1.78.1.jar;C:\Users\Sahabthyan Thangaraj\.m2\repository\org\bouncycastle\bcprov-jdk18on\1.78.1\bcprov-jdk18on-1.78.1.jar;C:\Users\Sahabthyan Thangaraj\.m2\repository\org\apache\tika\tika-parser-digest-commons\3.0.0\tika-parser-digest-commons-3.0.0.jar;C:\Users\Sahabthyan Thangaraj\.m2\repository\commons-codec\commons-codec\1.15\commons-codec-1.15.jar;C:\Users\Sahabthyan Thangaraj\.m2\repository\org\apache\tika\tika-parser-font-module\3.0.0\tika-parser-font-module-3.0.0.jar;C:\Users\Sahabthyan Thangaraj\.m2\repository\org\apache\pdfbox\fontbox\3.0.3\fontbox-3.0.3.jar;C:\Users\Sahabthyan Thangaraj\.m2\repository\org\apache\pdfbox\pdfbox-io\3.0.3\pdfbox-io-3.0.3.jar;C:\Users\Sahabthyan Thangaraj\.m2\repository\org\apache\tika\tika-parser-html-module\3.0.0\tika-parser-html-module-3.0.0.jar;C:\Users\Sahabthyan Thangaraj\.m2\repository\org\jsoup\jsoup\1.18.1\jsoup-1.18.1.jar;C:\Users\Sahabthyan Thangaraj\.m2\repository\org\apache\tika\tika-parser-image-module\3.0.0\tika-parser-image-module-3.0.0.jar;C:\Users\Sahabthyan Thangaraj\.m2\repository\com\github\jai-imageio\jai-imageio-core\1.4.0\jai-imageio-core-1.4.0.jar;C:\Users\Sahabthyan Thangaraj\.m2\repository\org\apache\pdfbox\jbig2-imageio\3.0.4\jbig2-imageio-3.0.4.jar;C:\Users\Sahabthyan Thangaraj\.m2\repository\org\apache\tika\tika-parser-mail-module\3.0.0\tika-parser-mail-module-3.0.0.jar;C:\Users\Sahabthyan Thangaraj\.m2\repository\org\apache\tika\tika-parser-mail-commons\3.0.0\tika-parser-mail-commons-3.0.0.jar;C:\Users\Sahabthyan Thangaraj\.m2\repository\org\apache\james\apache-mime4j-core\0.8.11\apache-mime4j-core-0.8.11.jar;C:\Users\Sahabthyan Thangaraj\.m2\repository\org\apache\james\apache-mime4j-dom\0.8.11\apache-mime4j-dom-0.8.11.jar;C:\Users\Sahabthyan Thangaraj\.m2\repository\org\apache\tika\tika-parser-microsoft-module\3.0.0\tika-parser-microsoft-module-3.0.0.jar;C:\Users\Sahabthyan Thangaraj\.m2\repository\com\pff\java-libpst\0.9.3\java-libpst-0.9.3.jar;C:\Users\Sahabthyan Thangaraj\.m2\repository\org\apache\commons\commons-lang3\3.12.0\commons-lang3-3.12.0.jar;C:\Users\Sahabthyan Thangaraj\.m2\repository\org\apache\poi\poi\5.3.0\poi-5.3.0.jar;C:\Users\Sahabthyan Thangaraj\.m2\repository\org\apache\commons\commons-math3\3.6.1\commons-math3-3.6.1.jar;C:\Users\Sahabthyan Thangaraj\.m2\repository\com\zaxxer\SparseBitSet\1.3\SparseBitSet-1.3.jar;C:\Users\Sahabthyan Thangaraj\.m2\repository\org\apache\logging\log4j\log4j-api\2.20.0\log4j-api-2.20.0.jar;C:\Users\Sahabthyan Thangaraj\.m2\repository\org\apache\poi\poi-scratchpad\5.3.0\poi-scratchpad-5.3.0.jar;C:\Users\Sahabthyan Thangaraj\.m2\repository\org\apache\poi\poi-ooxml\5.3.0\poi-ooxml-5.3.0.jar;C:\Users\Sahabthyan Thangaraj\.m2\repository\org\apache\poi\poi-ooxml-lite\5.3.0\poi-ooxml-lite-5.3.0.jar;C:\Users\Sahabthyan Thangaraj\.m2\repository\org\apache\xmlbeans\xmlbeans\5.2.1\xmlbeans-5.2.1.jar;C:\Users\Sahabthyan Thangaraj\.m2\repository\com\github\virtuald\curvesapi\1.08\curvesapi-1.08.jar;C:\Users\Sahabthyan Thangaraj\.m2\repository\commons-logging\commons-logging\1.3.4\commons-logging-1.3.4.jar;C:\Users\Sahabthyan Thangaraj\.m2\repository\com\healthmarketscience\jackcess\jackcess\4.0.7\jackcess-4.0.7.jar;C:\Users\Sahabthyan Thangaraj\.m2\repository\com\healthmarketscience\jackcess\jackcess-encrypt\4.0.2\jackcess-encrypt-4.0.2.jar;C:\Users\Sahabthyan Thangaraj\.m2\repository\org\slf4j\jcl-over-slf4j\2.0.7\jcl-over-slf4j-2.0.7.jar;C:\Users\Sahabthyan Thangaraj\.m2\repository\org\apache\tika\tika-parser-miscoffice-module\3.0.0\tika-parser-miscoffice-module-3.0.0.jar;C:\Users\Sahabthyan Thangaraj\.m2\repository\org\apache\commons\commons-collections4\4.4\commons-collections4-4.4.jar;C:\Users\Sahabthyan Thangaraj\.m2\repository\org\glassfish\jaxb\jaxb-runtime\4.0.3\jaxb-runtime-4.0.3.jar;C:\Users\Sahabthyan Thangaraj\.m2\repository\org\glassfish\jaxb\jaxb-core\4.0.3\jaxb-core-4.0.3.jar;C:\Users\Sahabthyan Thangaraj\.m2\repository\org\eclipse\angus\angus-activation\2.0.1\angus-activation-2.0.1.jar;C:\Users\Sahabthyan Thangaraj\.m2\repository\org\glassfish\jaxb\txw2\4.0.3\txw2-4.0.3.jar;C:\Users\Sahabthyan Thangaraj\.m2\repository\com\sun\istack\istack-commons-runtime\4.1.2\istack-commons-runtime-4.1.2.jar;C:\Users\Sahabthyan Thangaraj\.m2\repository\org\apache\tika\tika-parser-news-module\3.0.0\tika-parser-news-module-3.0.0.jar;C:\Users\Sahabthyan Thangaraj\.m2\repository\com\rometools\rome\2.1.0\rome-2.1.0.jar;C:\Users\Sahabthyan Thangaraj\.m2\repository\com\rometools\rome-utils\2.1.0\rome-utils-2.1.0.jar;C:\Users\Sahabthyan Thangaraj\.m2\repository\org\jdom\jdom2\2.0.6.1\jdom2-2.0.6.1.jar;C:\Users\Sahabthyan Thangaraj\.m2\repository\org\apache\tika\tika-parser-ocr-module\3.0.0\tika-parser-ocr-module-3.0.0.jar;C:\Users\Sahabthyan Thangaraj\.m2\repository\org\apache\commons\commons-exec\1.4.0\commons-exec-1.4.0.jar;C:\Users\Sahabthyan Thangaraj\.m2\repository\org\apache\tika\tika-parser-pdf-module\3.0.0\tika-parser-pdf-module-3.0.0.jar;C:\Users\Sahabthyan Thangaraj\.m2\repository\org\apache\pdfbox\pdfbox\3.0.3\pdfbox-3.0.3.jar;C:\Users\Sahabthyan Thangaraj\.m2\repository\org\apache\pdfbox\pdfbox-tools\3.0.3\pdfbox-tools-3.0.3.jar;C:\Users\Sahabthyan Thangaraj\.m2\repository\info\picocli\picocli\4.7.6\picocli-4.7.6.jar;C:\Users\Sahabthyan Thangaraj\.m2\repository\org\apache\pdfbox\jempbox\1.8.17\jempbox-1.8.17.jar;C:\Users\Sahabthyan Thangaraj\.m2\repository\org\apache\tika\tika-parser-pkg-module\3.0.0\tika-parser-pkg-module-3.0.0.jar;C:\Users\Sahabthyan Thangaraj\.m2\repository\org\tukaani\xz\1.10\xz-1.10.jar;C:\Users\Sahabthyan Thangaraj\.m2\repository\org\brotli\dec\0.1.2\dec-0.1.2.jar;C:\Users\Sahabthyan Thangaraj\.m2\repository\com\github\junrar\junrar\7.5.5\junrar-7.5.5.jar;C:\Users\Sahabthyan Thangaraj\.m2\repository\org\apache\tika\tika-parser-text-module\3.0.0\tika-parser-text-module-3.0.0.jar;C:\Users\Sahabthyan Thangaraj\.m2\repository\com\github\albfernandez\juniversalchardet\2.5.0\juniversalchardet-2.5.0.jar;C:\Users\Sahabthyan Thangaraj\.m2\repository\org\apache\commons\commons-csv\1.12.0\commons-csv-1.12.0.jar;C:\Users\Sahabthyan Thangaraj\.m2\repository\org\apache\tika\tika-parser-webarchive-module\3.0.0\tika-parser-webarchive-module-3.0.0.jar;C:\Users\Sahabthyan Thangaraj\.m2\repository\org\netpreserve\jwarc\0.30.0\jwarc-0.30.0.jar;C:\Users\Sahabthyan Thangaraj\.m2\repository\org\apache\commons\commons-compress\1.27.1\commons-compress-1.27.1.jar;C:\Users\Sahabthyan Thangaraj\.m2\repository\org\apache\tika\tika-parser-xml-module\3.0.0\tika-parser-xml-module-3.0.0.jar;C:\Users\Sahabthyan Thangaraj\.m2\repository\org\apache\tika\tika-parser-xmp-commons\3.0.0\tika-parser-xmp-commons-3.0.0.jar;C:\Users\Sahabthyan Thangaraj\.m2\repository\org\apache\pdfbox\xmpbox\3.0.3\xmpbox-3.0.3.jar;C:\Users\Sahabthyan Thangaraj\.m2\repository\org\gagravarr\vorbis-java-tika\0.8\vorbis-java-tika-0.8.jar;C:\Users\Sahabthyan Thangaraj\.m2\repository\org\gagravarr\vorbis-java-core\0.8\vorbis-java-core-0.8.jar;C:\Users\Sahabthyan Thangaraj\.m2\repository\org\apache\tika\tika-core\3.0.0\tika-core-3.0.0.jar;C:\Users\Sahabthyan Thangaraj\.m2\repository\org\slf4j\slf4j-api\2.0.7\slf4j-api-2.0.7.jar;C:\Users\Sahabthyan Thangaraj\.m2\repository\commons-io\commons-io\2.17.0\commons-io-2.17.0.jar;C:\Users\Sahabthyan Thangaraj\.m2\repository\org\springframework\boot\spring-boot-starter-web\3.2.3\spring-boot-starter-web-3.2.3.jar;C:\Users\Sahabthyan Thangaraj\.m2\repository\org\springframework\boot\spring-boot-starter\3.1.2\spring-boot-starter-3.1.2.jar;C:\Users\Sahabthyan Thangaraj\.m2\repository\org\springframework\boot\spring-boot\3.1.2\spring-boot-3.1.2.jar;C:\Users\Sahabthyan Thangaraj\.m2\repository\org\springframework\boot\spring-boot-autoconfigure\3.1.2\spring-boot-autoconfigure-3.1.2.jar;C:\Users\Sahabthyan Thangaraj\.m2\repository\org\springframework\boot\spring-boot-starter-logging\3.1.2\spring-boot-starter-logging-3.1.2.jar;C:\Users\Sahabthyan Thangaraj\.m2\repository\ch\qos\logback\logback-classic\1.4.8\logback-classic-1.4.8.jar;C:\Users\Sahabthyan Thangaraj\.m2\repository\ch\qos\logback\logback-core\1.4.8\logback-core-1.4.8.jar;C:\Users\Sahabthyan Thangaraj\.m2\repository\org\apache\logging\log4j\log4j-to-slf4j\2.20.0\log4j-to-slf4j-2.20.0.jar;C:\Users\Sahabthyan Thangaraj\.m2\repository\org\slf4j\jul-to-slf4j\2.0.7\jul-to-slf4j-2.0.7.jar;C:\Users\Sahabthyan Thangaraj\.m2\repository\jakarta\annotation\jakarta.annotation-api\2.1.1\jakarta.annotation-api-2.1.1.jar;C:\Users\Sahabthyan Thangaraj\.m2\repository\org\yaml\snakeyaml\1.33\snakeyaml-1.33.jar;C:\Users\Sahabthyan Thangaraj\.m2\repository\org\springframework\boot\spring-boot-starter-json\3.1.2\spring-boot-starter-json-3.1.2.jar;C:\Users\Sahabthyan Thangaraj\.m2\repository\com\fasterxml\jackson\datatype\jackson-datatype-jdk8\2.15.2\jackson-datatype-jdk8-2.15.2.jar;C:\Users\Sahabthyan Thangaraj\.m2\repository\com\fasterxml\jackson\datatype\jackson-datatype-jsr310\2.15.2\jackson-datatype-jsr310-2.15.2.jar;C:\Users\Sahabthyan Thangaraj\.m2\repository\com\fasterxml\jackson\module\jackson-module-parameter-names\2.15.2\jackson-module-parameter-names-2.15.2.jar;C:\Users\Sahabthyan Thangaraj\.m2\repository\org\springframework\boot\spring-boot-starter-tomcat\3.1.2\spring-boot-starter-tomcat-3.1.2.jar;C:\Users\Sahabthyan Thangaraj\.m2\repository\org\apache\tomcat\embed\tomcat-embed-core\10.1.11\tomcat-embed-core-10.1.11.jar;C:\Users\Sahabthyan Thangaraj\.m2\repository\org\apache\tomcat\embed\tomcat-embed-el\10.1.11\tomcat-embed-el-10.1.11.jar;C:\Users\Sahabthyan Thangaraj\.m2\repository\org\apache\tomcat\embed\tomcat-embed-websocket\10.1.11\tomcat-embed-websocket-10.1.11.jar;C:\Users\Sahabthyan Thangaraj\.m2\repository\org\springframework\spring-webmvc\6.0.11\spring-webmvc-6.0.11.jar;C:\Users\Sahabthyan Thangaraj\.m2\repository\org\springframework\spring-aop\6.0.11\spring-aop-6.0.11.jar;C:\Users\Sahabthyan Thangaraj\.m2\repository\org\springframework\spring-context\6.0.11\spring-context-6.0.11.jar;C:\Users\Sahabthyan Thangaraj\.m2\repository\org\springframework\spring-expression\6.0.11\spring-expression-6.0.11.jar;C:\Users\Sahabthyan Thangaraj\.m2\repository\org\springframework\spring-web\6.0.11\spring-web-6.0.11.jar;C:\Users\Sahabthyan Thangaraj\.m2\repository\org\springframework\spring-beans\6.0.11\spring-beans-6.0.11.jar;C:\Users\Sahabthyan Thangaraj\.m2\repository\org\springframework\spring-core\6.0.11\spring-core-6.0.11.jar;C:\Users\Sahabthyan Thangaraj\.m2\repository\org\springframework\spring-jcl\6.0.11\spring-jcl-6.0.11.jar;C:\Users\Sahabthyan Thangaraj\.m2\repository\io\micrometer\micrometer-observation\1.11.2\micrometer-observation-1.11.2.jar;C:\Users\Sahabthyan Thangaraj\.m2\repository\io\micrometer\micrometer-commons\1.11.2\micrometer-commons-1.11.2.jar;C:\Users\Sahabthyan Thangaraj\.m2\repository\org\springframework\boot\spring-boot-starter-thymeleaf\3.1.9\spring-boot-starter-thymeleaf-3.1.9.jar;C:\Users\Sahabthyan Thangaraj\.m2\repository\org\thymeleaf\thymeleaf-spring6\3.1.1.RELEASE\thymeleaf-spring6-3.1.1.RELEASE.jar;C:\Users\Sahabthyan Thangaraj\.m2\repository\org\thymeleaf\thymeleaf\3.1.1.RELEASE\thymeleaf-3.1.1.RELEASE.jar;C:\Users\Sahabthyan Thangaraj\.m2\repository\org\attoparser\attoparser\2.0.6.RELEASE\attoparser-2.0.6.RELEASE.jar;C:\Users\Sahabthyan Thangaraj\.m2\repository\org\unbescape\unbescape\1.1.6.RELEASE\unbescape-1.1.6.RELEASE.jar;C:\Users\Sahabthyan Thangaraj\.m2\repository\org\springframework\boot\spring-boot-starter-data-jpa\3.4.1\spring-boot-starter-data-jpa-3.4.1.jar;C:\Users\Sahabthyan Thangaraj\.m2\repository\org\hibernate\orm\hibernate-core\6.2.6.Final\hibernate-core-6.2.6.Final.jar;C:\Users\Sahabthyan Thangaraj\.m2\repository\jakarta\persistence\jakarta.persistence-api\3.1.0\jakarta.persistence-api-3.1.0.jar;C:\Users\Sahabthyan Thangaraj\.m2\repository\jakarta\transaction\jakarta.transaction-api\2.0.1\jakarta.transaction-api-2.0.1.jar;C:\Users\Sahabthyan Thangaraj\.m2\repository\org\jboss\logging\jboss-logging\3.5.3.Final\jboss-logging-3.5.3.Final.jar;C:\Users\Sahabthyan Thangaraj\.m2\repository\org\hibernate\common\hibernate-commons-annotations\6.0.6.Final\hibernate-commons-annotations-6.0.6.Final.jar;C:\Users\Sahabthyan Thangaraj\.m2\repository\io\smallrye\jandex\3.0.5\jandex-3.0.5.jar;C:\Users\Sahabthyan Thangaraj\.m2\repository\com\fasterxml\classmate\1.5.1\classmate-1.5.1.jar;C:\Users\Sahabthyan Thangaraj\.m2\repository\net\bytebuddy\byte-buddy\1.14.5\byte-buddy-1.14.5.jar;C:\Users\Sahabthyan Thangaraj\.m2\repository\jakarta\xml\bind\jakarta.xml.bind-api\4.0.0\jakarta.xml.bind-api-4.0.0.jar;C:\Users\Sahabthyan Thangaraj\.m2\repository\jakarta\activation\jakarta.activation-api\2.1.2\jakarta.activation-api-2.1.2.jar;C:\Users\Sahabthyan Thangaraj\.m2\repository\jakarta\inject\jakarta.inject-api\2.0.1\jakarta.inject-api-2.0.1.jar;C:\Users\Sahabthyan Thangaraj\.m2\repository\org\antlr\antlr4-runtime\4.10.1\antlr4-runtime-4.10.1.jar;C:\Users\Sahabthyan Thangaraj\.m2\repository\org\springframework\data\spring-data-jpa\3.1.2\spring-data-jpa-3.1.2.jar;C:\Users\Sahabthyan Thangaraj\.m2\repository\org\springframework\data\spring-data-commons\3.1.2\spring-data-commons-3.1.2.jar;C:\Users\Sahabthyan Thangaraj\.m2\repository\org\springframework\spring-orm\6.0.11\spring-orm-6.0.11.jar;C:\Users\Sahabthyan Thangaraj\.m2\repository\org\springframework\spring-aspects\6.0.11\spring-aspects-6.0.11.jar;C:\Users\Sahabthyan Thangaraj\.m2\repository\org\aspectj\aspectjweaver\1.9.19\aspectjweaver-1.9.19.jar;C:\Users\Sahabthyan Thangaraj\.m2\repository\javax\inject\javax.inject\1\javax.inject-1.jar;C:\Users\Sahabthyan Thangaraj\.m2\repository\org\springframework\spring-jdbc\6.0.11\spring-jdbc-6.0.11.jar;C:\Users\Sahabthyan Thangaraj\.m2\repository\org\springframework\spring-tx\6.0.11\spring-tx-6.0.11.jar;C:\Users\Sahabthyan Thangaraj\.m2\repository\org\springframework\boot\spring-boot-starter-jdbc\3.1.2\spring-boot-starter-jdbc-3.1.2.jar;C:\Users\Sahabthyan Thangaraj\.m2\repository\com\zaxxer\HikariCP\5.0.1\HikariCP-5.0.1.jar;C:\Users\Sahabthyan Thangaraj\.m2\repository\org\apache\commons\commons-dbcp2\2.9.0\commons-dbcp2-2.9.0.jar;C:\Users\Sahabthyan Thangaraj\.m2\repository\org\apache\commons\commons-pool2\2.11.1\commons-pool2-2.11.1.jar;"/>
    <property name="java.vm.vendor" value="Oracle Corporation"/>
    <property name="sun.arch.data.model" value="64"/>
    <property name="user.variant" value=""/>
    <property name="java.vendor.url" value="https://java.oracle.com/"/>
    <property name="user.timezone" value="Asia/Calcutta"/>
    <property name="os.name" value="Windows 11"/>
    <property name="java.vm.specification.version" value="17"/>
    <property name="sun.java.launcher" value="SUN_STANDARD"/>
    <property name="user.country" value="US"/>
    <property name="sun.boot.library.path" value="C:\Program Files\Java\jdk-17\bin"/>
    <property name="sun.java.command" value="C:\Users\Sahabthyan Thangaraj\AppData\Local\Temp\surefire3643470618609952109\surefirebooter-20250220225028323_3.jar C:\Users\Sahabthyan Thangaraj\AppData\Local\Temp\surefire3643470618609952109 2025-02-20T22-50-27_996-jvmRun1 surefire-20250220225028323_1tmp surefire_0-20250220225028323_2tmp"/>
    <property name="jdk.debug" value="release"/>
    <property name="surefire.test.class.path" value="C:\Users\Sahabthyan Thangaraj\eclipse-workspace\SPA_Project\target\test-classes;C:\Users\Sahabthyan Thangaraj\eclipse-workspace\SPA_Project\target\classes;C:\Users\Sahabthyan Thangaraj\.m2\repository\junit\junit\3.8.1\junit-3.8.1.jar;C:\Users\Sahabthyan Thangaraj\.m2\repository\com\mysql\mysql-connector-j\8.0.33\mysql-connector-j-8.0.33.jar;C:\Users\Sahabthyan Thangaraj\.m2\repository\org\apache\tika\tika-parsers-standard-package\3.0.0\tika-parsers-standard-package-3.0.0.jar;C:\Users\Sahabthyan Thangaraj\.m2\repository\org\apache\tika\tika-parser-apple-module\3.0.0\tika-parser-apple-module-3.0.0.jar;C:\Users\Sahabthyan Thangaraj\.m2\repository\org\apache\tika\tika-parser-zip-commons\3.0.0\tika-parser-zip-commons-3.0.0.jar;C:\Users\Sahabthyan Thangaraj\.m2\repository\com\googlecode\plist\dd-plist\1.28\dd-plist-1.28.jar;C:\Users\Sahabthyan Thangaraj\.m2\repository\org\apache\tika\tika-parser-audiovideo-module\3.0.0\tika-parser-audiovideo-module-3.0.0.jar;C:\Users\Sahabthyan Thangaraj\.m2\repository\com\drewnoakes\metadata-extractor\2.19.0\metadata-extractor-2.19.0.jar;C:\Users\Sahabthyan Thangaraj\.m2\repository\com\adobe\xmp\xmpcore\6.1.11\xmpcore-6.1.11.jar;C:\Users\Sahabthyan Thangaraj\.m2\repository\org\apache\tika\tika-parser-cad-module\3.0.0\tika-parser-cad-module-3.0.0.jar;C:\Users\Sahabthyan Thangaraj\.m2\repository\com\fasterxml\jackson\core\jackson-core\2.15.2\jackson-core-2.15.2.jar;C:\Users\Sahabthyan Thangaraj\.m2\repository\com\fasterxml\jackson\core\jackson-databind\2.15.2\jackson-databind-2.15.2.jar;C:\Users\Sahabthyan Thangaraj\.m2\repository\com\fasterxml\jackson\core\jackson-annotations\2.15.2\jackson-annotations-2.15.2.jar;C:\Users\Sahabthyan Thangaraj\.m2\repository\org\apache\tika\tika-parser-code-module\3.0.0\tika-parser-code-module-3.0.0.jar;C:\Users\Sahabthyan Thangaraj\.m2\repository\org\codelibs\jhighlight\1.1.0\jhighlight-1.1.0.jar;C:\Users\Sahabthyan Thangaraj\.m2\repository\org\ccil\cowan\tagsoup\tagsoup\1.2.1\tagsoup-1.2.1.jar;C:\Users\Sahabthyan Thangaraj\.m2\repository\org\ow2\asm\asm\9.7.1\asm-9.7.1.jar;C:\Users\Sahabthyan Thangaraj\.m2\repository\com\epam\parso\2.0.14\parso-2.0.14.jar;C:\Users\Sahabthyan Thangaraj\.m2\repository\org\tallison\jmatio\1.5\jmatio-1.5.jar;C:\Users\Sahabthyan Thangaraj\.m2\repository\org\apache\tika\tika-parser-crypto-module\3.0.0\tika-parser-crypto-module-3.0.0.jar;C:\Users\Sahabthyan Thangaraj\.m2\repository\org\bouncycastle\bcjmail-jdk18on\1.78.1\bcjmail-jdk18on-1.78.1.jar;C:\Users\Sahabthyan Thangaraj\.m2\repository\org\bouncycastle\bcutil-jdk18on\1.78.1\bcutil-jdk18on-1.78.1.jar;C:\Users\Sahabthyan Thangaraj\.m2\repository\org\bouncycastle\bcpkix-jdk18on\1.78.1\bcpkix-jdk18on-1.78.1.jar;C:\Users\Sahabthyan Thangaraj\.m2\repository\org\bouncycastle\bcprov-jdk18on\1.78.1\bcprov-jdk18on-1.78.1.jar;C:\Users\Sahabthyan Thangaraj\.m2\repository\org\apache\tika\tika-parser-digest-commons\3.0.0\tika-parser-digest-commons-3.0.0.jar;C:\Users\Sahabthyan Thangaraj\.m2\repository\commons-codec\commons-codec\1.15\commons-codec-1.15.jar;C:\Users\Sahabthyan Thangaraj\.m2\repository\org\apache\tika\tika-parser-font-module\3.0.0\tika-parser-font-module-3.0.0.jar;C:\Users\Sahabthyan Thangaraj\.m2\repository\org\apache\pdfbox\fontbox\3.0.3\fontbox-3.0.3.jar;C:\Users\Sahabthyan Thangaraj\.m2\repository\org\apache\pdfbox\pdfbox-io\3.0.3\pdfbox-io-3.0.3.jar;C:\Users\Sahabthyan Thangaraj\.m2\repository\org\apache\tika\tika-parser-html-module\3.0.0\tika-parser-html-module-3.0.0.jar;C:\Users\Sahabthyan Thangaraj\.m2\repository\org\jsoup\jsoup\1.18.1\jsoup-1.18.1.jar;C:\Users\Sahabthyan Thangaraj\.m2\repository\org\apache\tika\tika-parser-image-module\3.0.0\tika-parser-image-module-3.0.0.jar;C:\Users\Sahabthyan Thangaraj\.m2\repository\com\github\jai-imageio\jai-imageio-core\1.4.0\jai-imageio-core-1.4.0.jar;C:\Users\Sahabthyan Thangaraj\.m2\repository\org\apache\pdfbox\jbig2-imageio\3.0.4\jbig2-imageio-3.0.4.jar;C:\Users\Sahabthyan Thangaraj\.m2\repository\org\apache\tika\tika-parser-mail-module\3.0.0\tika-parser-mail-module-3.0.0.jar;C:\Users\Sahabthyan Thangaraj\.m2\repository\org\apache\tika\tika-parser-mail-commons\3.0.0\tika-parser-mail-commons-3.0.0.jar;C:\Users\Sahabthyan Thangaraj\.m2\repository\org\apache\james\apache-mime4j-core\0.8.11\apache-mime4j-core-0.8.11.jar;C:\Users\Sahabthyan Thangaraj\.m2\repository\org\apache\james\apache-mime4j-dom\0.8.11\apache-mime4j-dom-0.8.11.jar;C:\Users\Sahabthyan Thangaraj\.m2\repository\org\apache\tika\tika-parser-microsoft-module\3.0.0\tika-parser-microsoft-module-3.0.0.jar;C:\Users\Sahabthyan Thangaraj\.m2\repository\com\pff\java-libpst\0.9.3\java-libpst-0.9.3.jar;C:\Users\Sahabthyan Thangaraj\.m2\repository\org\apache\commons\commons-lang3\3.12.0\commons-lang3-3.12.0.jar;C:\Users\Sahabthyan Thangaraj\.m2\repository\org\apache\poi\poi\5.3.0\poi-5.3.0.jar;C:\Users\Sahabthyan Thangaraj\.m2\repository\org\apache\commons\commons-math3\3.6.1\commons-math3-3.6.1.jar;C:\Users\Sahabthyan Thangaraj\.m2\repository\com\zaxxer\SparseBitSet\1.3\SparseBitSet-1.3.jar;C:\Users\Sahabthyan Thangaraj\.m2\repository\org\apache\logging\log4j\log4j-api\2.20.0\log4j-api-2.20.0.jar;C:\Users\Sahabthyan Thangaraj\.m2\repository\org\apache\poi\poi-scratchpad\5.3.0\poi-scratchpad-5.3.0.jar;C:\Users\Sahabthyan Thangaraj\.m2\repository\org\apache\poi\poi-ooxml\5.3.0\poi-ooxml-5.3.0.jar;C:\Users\Sahabthyan Thangaraj\.m2\repository\org\apache\poi\poi-ooxml-lite\5.3.0\poi-ooxml-lite-5.3.0.jar;C:\Users\Sahabthyan Thangaraj\.m2\repository\org\apache\xmlbeans\xmlbeans\5.2.1\xmlbeans-5.2.1.jar;C:\Users\Sahabthyan Thangaraj\.m2\repository\com\github\virtuald\curvesapi\1.08\curvesapi-1.08.jar;C:\Users\Sahabthyan Thangaraj\.m2\repository\commons-logging\commons-logging\1.3.4\commons-logging-1.3.4.jar;C:\Users\Sahabthyan Thangaraj\.m2\repository\com\healthmarketscience\jackcess\jackcess\4.0.7\jackcess-4.0.7.jar;C:\Users\Sahabthyan Thangaraj\.m2\repository\com\healthmarketscience\jackcess\jackcess-encrypt\4.0.2\jackcess-encrypt-4.0.2.jar;C:\Users\Sahabthyan Thangaraj\.m2\repository\org\slf4j\jcl-over-slf4j\2.0.7\jcl-over-slf4j-2.0.7.jar;C:\Users\Sahabthyan Thangaraj\.m2\repository\org\apache\tika\tika-parser-miscoffice-module\3.0.0\tika-parser-miscoffice-module-3.0.0.jar;C:\Users\Sahabthyan Thangaraj\.m2\repository\org\apache\commons\commons-collections4\4.4\commons-collections4-4.4.jar;C:\Users\Sahabthyan Thangaraj\.m2\repository\org\glassfish\jaxb\jaxb-runtime\4.0.3\jaxb-runtime-4.0.3.jar;C:\Users\Sahabthyan Thangaraj\.m2\repository\org\glassfish\jaxb\jaxb-core\4.0.3\jaxb-core-4.0.3.jar;C:\Users\Sahabthyan Thangaraj\.m2\repository\org\eclipse\angus\angus-activation\2.0.1\angus-activation-2.0.1.jar;C:\Users\Sahabthyan Thangaraj\.m2\repository\org\glassfish\jaxb\txw2\4.0.3\txw2-4.0.3.jar;C:\Users\Sahabthyan Thangaraj\.m2\repository\com\sun\istack\istack-commons-runtime\4.1.2\istack-commons-runtime-4.1.2.jar;C:\Users\Sahabthyan Thangaraj\.m2\repository\org\apache\tika\tika-parser-news-module\3.0.0\tika-parser-news-module-3.0.0.jar;C:\Users\Sahabthyan Thangaraj\.m2\repository\com\rometools\rome\2.1.0\rome-2.1.0.jar;C:\Users\Sahabthyan Thangaraj\.m2\repository\com\rometools\rome-utils\2.1.0\rome-utils-2.1.0.jar;C:\Users\Sahabthyan Thangaraj\.m2\repository\org\jdom\jdom2\2.0.6.1\jdom2-2.0.6.1.jar;C:\Users\Sahabthyan Thangaraj\.m2\repository\org\apache\tika\tika-parser-ocr-module\3.0.0\tika-parser-ocr-module-3.0.0.jar;C:\Users\Sahabthyan Thangaraj\.m2\repository\org\apache\commons\commons-exec\1.4.0\commons-exec-1.4.0.jar;C:\Users\Sahabthyan Thangaraj\.m2\repository\org\apache\tika\tika-parser-pdf-module\3.0.0\tika-parser-pdf-module-3.0.0.jar;C:\Users\Sahabthyan Thangaraj\.m2\repository\org\apache\pdfbox\pdfbox\3.0.3\pdfbox-3.0.3.jar;C:\Users\Sahabthyan Thangaraj\.m2\repository\org\apache\pdfbox\pdfbox-tools\3.0.3\pdfbox-tools-3.0.3.jar;C:\Users\Sahabthyan Thangaraj\.m2\repository\info\picocli\picocli\4.7.6\picocli-4.7.6.jar;C:\Users\Sahabthyan Thangaraj\.m2\repository\org\apache\pdfbox\jempbox\1.8.17\jempbox-1.8.17.jar;C:\Users\Sahabthyan Thangaraj\.m2\repository\org\apache\tika\tika-parser-pkg-module\3.0.0\tika-parser-pkg-module-3.0.0.jar;C:\Users\Sahabthyan Thangaraj\.m2\repository\org\tukaani\xz\1.10\xz-1.10.jar;C:\Users\Sahabthyan Thangaraj\.m2\repository\org\brotli\dec\0.1.2\dec-0.1.2.jar;C:\Users\Sahabthyan Thangaraj\.m2\repository\com\github\junrar\junrar\7.5.5\junrar-7.5.5.jar;C:\Users\Sahabthyan Thangaraj\.m2\repository\org\apache\tika\tika-parser-text-module\3.0.0\tika-parser-text-module-3.0.0.jar;C:\Users\Sahabthyan Thangaraj\.m2\repository\com\github\albfernandez\juniversalchardet\2.5.0\juniversalchardet-2.5.0.jar;C:\Users\Sahabthyan Thangaraj\.m2\repository\org\apache\commons\commons-csv\1.12.0\commons-csv-1.12.0.jar;C:\Users\Sahabthyan Thangaraj\.m2\repository\org\apache\tika\tika-parser-webarchive-module\3.0.0\tika-parser-webarchive-module-3.0.0.jar;C:\Users\Sahabthyan Thangaraj\.m2\repository\org\netpreserve\jwarc\0.30.0\jwarc-0.30.0.jar;C:\Users\Sahabthyan Thangaraj\.m2\repository\org\apache\commons\commons-compress\1.27.1\commons-compress-1.27.1.jar;C:\Users\Sahabthyan Thangaraj\.m2\repository\org\apache\tika\tika-parser-xml-module\3.0.0\tika-parser-xml-module-3.0.0.jar;C:\Users\Sahabthyan Thangaraj\.m2\repository\org\apache\tika\tika-parser-xmp-commons\3.0.0\tika-parser-xmp-commons-3.0.0.jar;C:\Users\Sahabthyan Thangaraj\.m2\repository\org\apache\pdfbox\xmpbox\3.0.3\xmpbox-3.0.3.jar;C:\Users\Sahabthyan Thangaraj\.m2\repository\org\gagravarr\vorbis-java-tika\0.8\vorbis-java-tika-0.8.jar;C:\Users\Sahabthyan Thangaraj\.m2\repository\org\gagravarr\vorbis-java-core\0.8\vorbis-java-core-0.8.jar;C:\Users\Sahabthyan Thangaraj\.m2\repository\org\apache\tika\tika-core\3.0.0\tika-core-3.0.0.jar;C:\Users\Sahabthyan Thangaraj\.m2\repository\org\slf4j\slf4j-api\2.0.7\slf4j-api-2.0.7.jar;C:\Users\Sahabthyan Thangaraj\.m2\repository\commons-io\commons-io\2.17.0\commons-io-2.17.0.jar;C:\Users\Sahabthyan Thangaraj\.m2\repository\org\springframework\boot\spring-boot-starter-web\3.2.3\spring-boot-starter-web-3.2.3.jar;C:\Users\Sahabthyan Thangaraj\.m2\repository\org\springframework\boot\spring-boot-starter\3.1.2\spring-boot-starter-3.1.2.jar;C:\Users\Sahabthyan Thangaraj\.m2\repository\org\springframework\boot\spring-boot\3.1.2\spring-boot-3.1.2.jar;C:\Users\Sahabthyan Thangaraj\.m2\repository\org\springframework\boot\spring-boot-autoconfigure\3.1.2\spring-boot-autoconfigure-3.1.2.jar;C:\Users\Sahabthyan Thangaraj\.m2\repository\org\springframework\boot\spring-boot-starter-logging\3.1.2\spring-boot-starter-logging-3.1.2.jar;C:\Users\Sahabthyan Thangaraj\.m2\repository\ch\qos\logback\logback-classic\1.4.8\logback-classic-1.4.8.jar;C:\Users\Sahabthyan Thangaraj\.m2\repository\ch\qos\logback\logback-core\1.4.8\logback-core-1.4.8.jar;C:\Users\Sahabthyan Thangaraj\.m2\repository\org\apache\logging\log4j\log4j-to-slf4j\2.20.0\log4j-to-slf4j-2.20.0.jar;C:\Users\Sahabthyan Thangaraj\.m2\repository\org\slf4j\jul-to-slf4j\2.0.7\jul-to-slf4j-2.0.7.jar;C:\Users\Sahabthyan Thangaraj\.m2\repository\jakarta\annotation\jakarta.annotation-api\2.1.1\jakarta.annotation-api-2.1.1.jar;C:\Users\Sahabthyan Thangaraj\.m2\repository\org\yaml\snakeyaml\1.33\snakeyaml-1.33.jar;C:\Users\Sahabthyan Thangaraj\.m2\repository\org\springframework\boot\spring-boot-starter-json\3.1.2\spring-boot-starter-json-3.1.2.jar;C:\Users\Sahabthyan Thangaraj\.m2\repository\com\fasterxml\jackson\datatype\jackson-datatype-jdk8\2.15.2\jackson-datatype-jdk8-2.15.2.jar;C:\Users\Sahabthyan Thangaraj\.m2\repository\com\fasterxml\jackson\datatype\jackson-datatype-jsr310\2.15.2\jackson-datatype-jsr310-2.15.2.jar;C:\Users\Sahabthyan Thangaraj\.m2\repository\com\fasterxml\jackson\module\jackson-module-parameter-names\2.15.2\jackson-module-parameter-names-2.15.2.jar;C:\Users\Sahabthyan Thangaraj\.m2\repository\org\springframework\boot\spring-boot-starter-tomcat\3.1.2\spring-boot-starter-tomcat-3.1.2.jar;C:\Users\Sahabthyan Thangaraj\.m2\repository\org\apache\tomcat\embed\tomcat-embed-core\10.1.11\tomcat-embed-core-10.1.11.jar;C:\Users\Sahabthyan Thangaraj\.m2\repository\org\apache\tomcat\embed\tomcat-embed-el\10.1.11\tomcat-embed-el-10.1.11.jar;C:\Users\Sahabthyan Thangaraj\.m2\repository\org\apache\tomcat\embed\tomcat-embed-websocket\10.1.11\tomcat-embed-websocket-10.1.11.jar;C:\Users\Sahabthyan Thangaraj\.m2\repository\org\springframework\spring-webmvc\6.0.11\spring-webmvc-6.0.11.jar;C:\Users\Sahabthyan Thangaraj\.m2\repository\org\springframework\spring-aop\6.0.11\spring-aop-6.0.11.jar;C:\Users\Sahabthyan Thangaraj\.m2\repository\org\springframework\spring-context\6.0.11\spring-context-6.0.11.jar;C:\Users\Sahabthyan Thangaraj\.m2\repository\org\springframework\spring-expression\6.0.11\spring-expression-6.0.11.jar;C:\Users\Sahabthyan Thangaraj\.m2\repository\org\springframework\spring-web\6.0.11\spring-web-6.0.11.jar;C:\Users\Sahabthyan Thangaraj\.m2\repository\org\springframework\spring-beans\6.0.11\spring-beans-6.0.11.jar;C:\Users\Sahabthyan Thangaraj\.m2\repository\org\springframework\spring-core\6.0.11\spring-core-6.0.11.jar;C:\Users\Sahabthyan Thangaraj\.m2\repository\org\springframework\spring-jcl\6.0.11\spring-jcl-6.0.11.jar;C:\Users\Sahabthyan Thangaraj\.m2\repository\io\micrometer\micrometer-observation\1.11.2\micrometer-observation-1.11.2.jar;C:\Users\Sahabthyan Thangaraj\.m2\repository\io\micrometer\micrometer-commons\1.11.2\micrometer-commons-1.11.2.jar;C:\Users\Sahabthyan Thangaraj\.m2\repository\org\springframework\boot\spring-boot-starter-thymeleaf\3.1.9\spring-boot-starter-thymeleaf-3.1.9.jar;C:\Users\Sahabthyan Thangaraj\.m2\repository\org\thymeleaf\thymeleaf-spring6\3.1.1.RELEASE\thymeleaf-spring6-3.1.1.RELEASE.jar;C:\Users\Sahabthyan Thangaraj\.m2\repository\org\thymeleaf\thymeleaf\3.1.1.RELEASE\thymeleaf-3.1.1.RELEASE.jar;C:\Users\Sahabthyan Thangaraj\.m2\repository\org\attoparser\attoparser\2.0.6.RELEASE\attoparser-2.0.6.RELEASE.jar;C:\Users\Sahabthyan Thangaraj\.m2\repository\org\unbescape\unbescape\1.1.6.RELEASE\unbescape-1.1.6.RELEASE.jar;C:\Users\Sahabthyan Thangaraj\.m2\repository\org\springframework\boot\spring-boot-starter-data-jpa\3.4.1\spring-boot-starter-data-jpa-3.4.1.jar;C:\Users\Sahabthyan Thangaraj\.m2\repository\org\hibernate\orm\hibernate-core\6.2.6.Final\hibernate-core-6.2.6.Final.jar;C:\Users\Sahabthyan Thangaraj\.m2\repository\jakarta\persistence\jakarta.persistence-api\3.1.0\jakarta.persistence-api-3.1.0.jar;C:\Users\Sahabthyan Thangaraj\.m2\repository\jakarta\transaction\jakarta.transaction-api\2.0.1\jakarta.transaction-api-2.0.1.jar;C:\Users\Sahabthyan Thangaraj\.m2\repository\org\jboss\logging\jboss-logging\3.5.3.Final\jboss-logging-3.5.3.Final.jar;C:\Users\Sahabthyan Thangaraj\.m2\repository\org\hibernate\common\hibernate-commons-annotations\6.0.6.Final\hibernate-commons-annotations-6.0.6.Final.jar;C:\Users\Sahabthyan Thangaraj\.m2\repository\io\smallrye\jandex\3.0.5\jandex-3.0.5.jar;C:\Users\Sahabthyan Thangaraj\.m2\repository\com\fasterxml\classmate\1.5.1\classmate-1.5.1.jar;C:\Users\Sahabthyan Thangaraj\.m2\repository\net\bytebuddy\byte-buddy\1.14.5\byte-buddy-1.14.5.jar;C:\Users\Sahabthyan Thangaraj\.m2\repository\jakarta\xml\bind\jakarta.xml.bind-api\4.0.0\jakarta.xml.bind-api-4.0.0.jar;C:\Users\Sahabthyan Thangaraj\.m2\repository\jakarta\activation\jakarta.activation-api\2.1.2\jakarta.activation-api-2.1.2.jar;C:\Users\Sahabthyan Thangaraj\.m2\repository\jakarta\inject\jakarta.inject-api\2.0.1\jakarta.inject-api-2.0.1.jar;C:\Users\Sahabthyan Thangaraj\.m2\repository\org\antlr\antlr4-runtime\4.10.1\antlr4-runtime-4.10.1.jar;C:\Users\Sahabthyan Thangaraj\.m2\repository\org\springframework\data\spring-data-jpa\3.1.2\spring-data-jpa-3.1.2.jar;C:\Users\Sahabthyan Thangaraj\.m2\repository\org\springframework\data\spring-data-commons\3.1.2\spring-data-commons-3.1.2.jar;C:\Users\Sahabthyan Thangaraj\.m2\repository\org\springframework\spring-orm\6.0.11\spring-orm-6.0.11.jar;C:\Users\Sahabthyan Thangaraj\.m2\repository\org\springframework\spring-aspects\6.0.11\spring-aspects-6.0.11.jar;C:\Users\Sahabthyan Thangaraj\.m2\repository\org\aspectj\aspectjweaver\1.9.19\aspectjweaver-1.9.19.jar;C:\Users\Sahabthyan Thangaraj\.m2\repository\javax\inject\javax.inject\1\javax.inject-1.jar;C:\Users\Sahabthyan Thangaraj\.m2\repository\org\springframework\spring-jdbc\6.0.11\spring-jdbc-6.0.11.jar;C:\Users\Sahabthyan Thangaraj\.m2\repository\org\springframework\spring-tx\6.0.11\spring-tx-6.0.11.jar;C:\Users\Sahabthyan Thangaraj\.m2\repository\org\springframework\boot\spring-boot-starter-jdbc\3.1.2\spring-boot-starter-jdbc-3.1.2.jar;C:\Users\Sahabthyan Thangaraj\.m2\repository\com\zaxxer\HikariCP\5.0.1\HikariCP-5.0.1.jar;C:\Users\Sahabthyan Thangaraj\.m2\repository\org\apache\commons\commons-dbcp2\2.9.0\commons-dbcp2-2.9.0.jar;C:\Users\Sahabthyan Thangaraj\.m2\repository\org\apache\commons\commons-pool2\2.11.1\commons-pool2-2.11.1.jar;"/>
    <property name="sun.cpu.endian" value="little"/>
    <property name="user.home" value="C:\Users\Sahabthyan Thangaraj"/>
    <property name="user.language" value="en"/>
    <property name="java.specification.vendor" value="Oracle Corporation"/>
    <property name="java.version.date" value="2023-07-18"/>
    <property name="java.home" value="C:\Program Files\Java\jdk-17"/>
    <property name="file.separator" value="\"/>
    <property name="style.color" value="always"/>
    <property name="basedir" value="C:\Users\Sahabthyan Thangaraj\eclipse-workspace\SPA_Project"/>
    <property name="java.vm.compressedOopsMode" value="32-bit"/>
    <property name="line.separator" value="&#10;"/>
    <property name="java.vm.specification.vendor" value="Oracle Corporation"/>
    <property name="java.specification.name" value="Java Platform API Specification"/>
    <property name="surefire.real.class.path" value="C:\Users\Sahabthyan Thangaraj\AppData\Local\Temp\surefire3643470618609952109\surefirebooter-20250220225028323_3.jar"/>
    <property name="user.script" value=""/>
    <property name="sun.management.compiler" value="HotSpot 64-Bit Tiered Compilers"/>
    <property name="java.runtime.version" value="17.0.8+9-LTS-211"/>
    <property name="user.name" value="Sahabthyan Thangaraj"/>
    <property name="path.separator" value=";"/>
    <property name="os.version" value="10.0"/>
    <property name="java.runtime.name" value="Java(TM) SE Runtime Environment"/>
    <property name="file.encoding" value="Cp1252"/>
    <property name="java.vm.name" value="Java HotSpot(TM) 64-Bit Server VM"/>
    <property name="localRepository" value="C:\Users\Sahabthyan Thangaraj\.m2\repository"/>
    <property name="java.vendor.url.bug" value="https://bugreport.java.com/bugreport/"/>
    <property name="java.io.tmpdir" value="C:\Users\SAHABT~1\AppData\Local\Temp\"/>
    <property name="java.version" value="17.0.8"/>
    <property name="user.dir" value="C:\Users\Sahabthyan Thangaraj\eclipse-workspace\SPA_Project"/>
    <property name="os.arch" value="amd64"/>
    <property name="java.vm.specification.name" value="Java Virtual Machine Specification"/>
    <property name="sun.os.patch.level" value=""/>
    <property name="native.encoding" value="Cp1252"/>
    <property name="java.library.path" value="C:\Program Files\Java\jdk-17\bin;C:\WINDOWS\Sun\Java\bin;C:\WINDOWS\system32;C:\WINDOWS;C:/Program Files/Eclipse Adoptium/jdk-17.0.11.9-hotspot/bin/server;C:/Program Files/Eclipse Adoptium/jdk-17.0.11.9-hotspot/bin;C:\Program Files\Eclipse Adoptium\jdk-17.0.11.9-hotspot\bin;C:\Program Files\Common Files\Oracle\Java\javapath;C:\WINDOWS\system32;C:\WINDOWS;C:\WINDOWS\System32\Wbem;C:\WINDOWS\System32\WindowsPowerShell\v1.0\;C:\WINDOWS\System32\OpenSSH\;C:\Program Files\PuTTY\;D:\Android\sdk;C:\Program Files\MySQL\MySQL Shell 8.0\bin\;C:\Users\Sahabthyan Thangaraj\AppData\Local\Programs\Python\Python312\Scripts\;C:\Users\Sahabthyan Thangaraj\AppData\Local\Programs\Python\Python312\;C:\Users\Sahabthyan Thangaraj\AppData\Local\Microsoft\WindowsApps;C:\Program Files\JetBrains\IntelliJ IDEA 2023.2.2\bin;;C:\flutter\bin;C:\Users\Sahabthyan Thangaraj\AppData\Local\Programs\Microsoft VS Code\bin;D:\Android\sdk;C:\Users\Sahabthyan Thangaraj\AppData\Local\GitHubDesktop\bin;;C:\WINDOWS\system32;;."/>
    <property name="java.vm.info" value="mixed mode, sharing"/>
    <property name="java.vendor" value="Oracle Corporation"/>
    <property name="java.vm.version" value="17.0.8+9-LTS-211"/>
    <property name="sun.io.unicode.encoding" value="UnicodeLittle"/>
    <property name="java.class.version" value="61.0"/>
  </properties>
  <testcase name="testApp" classname="com.SPA.SPA_Project.AppTest" time="0.003"/>
</testsuite>